Using pre-set license
Built from '2020.3/release' branch; Version is '2020.3.12f1 (b3b2c6512326) revision 11776710'; Using compiler version '192528614'; Build Type 'Release'
OS: 'Windows 10 Home Single Language; OS build 22621.1992; Version 2009; 64bit' Language: 'pt' Physical Memory: 10116 MB
BatchMode: 1, IsHumanControllingUs: 0, StartBugReporterOnCrash: 0, Is64bit: 1, IsPro: 0

 COMMAND LINE ARGUMENTS:
C:\Program Files\Unity\Hub\Editor\2020.3.12f1\Editor\Unity.exe
-adb2
-batchMode
-noUpm
-name
AssetImportWorker1
-projectPath
C:/UnityStuff/Github/Dest
-logFile
Logs/AssetImportWorker1.log
-srvPort
53420
Successfully changed project path to: C:/UnityStuff/Github/Dest
C:/UnityStuff/Github/Dest
Using Asset Import Pipeline V2.
Refreshing native plugins compatible for Editor in 64.23 ms, found 3 plugins.
Preloading 0 native plugins for Editor in 0.00 ms.
Initialize engine version: 2020.3.12f1 (b3b2c6512326)
[Subsystems] Discovering subsystems at path C:/Program Files/Unity/Hub/Editor/2020.3.12f1/Editor/Data/Resources/UnitySubsystems
[Subsystems] Discovering subsystems at path C:/UnityStuff/Github/Dest/Assets
GfxDevice: creating device client; threaded=0
Direct3D:
    Version:  Direct3D 11.0 [level 11.1]
    Renderer: AMD Radeon(TM) Vega 8 Graphics (ID=0x15d8)
    Vendor:   
    VRAM:     5058 MB
    Driver:   26.20.14046.3
Initialize mono
Mono path[0] = 'C:/Program Files/Unity/Hub/Editor/2020.3.12f1/Editor/Data/Managed'
Mono path[1] = 'C:/Program Files/Unity/Hub/Editor/2020.3.12f1/Editor/Data/MonoBleedingEdge/lib/mono/unityjit'
Mono config path = 'C:/Program Files/Unity/Hub/Editor/2020.3.12f1/Editor/Data/MonoBleedingEdge/etc'
Using monoOptions --debugger-agent=transport=dt_socket,embedding=1,server=y,suspend=n,address=127.0.0.1:56444
Begin MonoManager ReloadAssembly
Registering precompiled unity dll's ...
Register platform support module: C:/Program Files/Unity/Hub/Editor/2020.3.12f1/Editor/Data/PlaybackEngines/WebGLSupport/UnityEditor.WebGL.Extensions.dll
Register platform support module: C:/Program Files/Unity/Hub/Editor/2020.3.12f1/Editor/Data/PlaybackEngines/WindowsStandaloneSupport/UnityEditor.WindowsStandalone.Extensions.dll
Registered in 0.003616 seconds.
Native extension for WindowsStandalone target not found
Native extension for WebGL target not found
Refreshing native plugins compatible for Editor in 68.67 ms, found 3 plugins.
Preloading 0 native plugins for Editor in 0.00 ms.
Mono: successfully reloaded assembly
- Completed reload, in  3.263 seconds
Platform modules already initialized, skipping
Registering precompiled user dll's ...
Registered in 0.009083 seconds.
Begin MonoManager ReloadAssembly
Native extension for WindowsStandalone target not found
Native extension for WebGL target not found
Refreshing native plugins compatible for Editor in 46.04 ms, found 3 plugins.
Preloading 0 native plugins for Editor in 0.00 ms.
Mono: successfully reloaded assembly
- Completed reload, in  5.039 seconds
Platform modules already initialized, skipping
========================================================================
Worker process is ready to serve import requests
Launched and connected shader compiler UnityShaderCompiler.exe after 0.07 seconds
Refreshing native plugins compatible for Editor in 0.64 ms, found 3 plugins.
Preloading 0 native plugins for Editor in 0.00 ms.
Unloading 2080 Unused Serialized files (Serialized files now loaded: 0)
System memory in use before: 92.8 MB.
System memory in use after: 92.7 MB.

Unloading 33 unused Assets to reduce memory usage. Loaded Objects now: 2513.
Total: 3.606900 ms (FindLiveObjects: 0.271100 ms CreateObjectMapping: 0.073100 ms MarkObjects: 3.057100 ms  DeleteObjects: 0.203300 ms)

AssetImportParameters requested are different than current active one (requested -> active):
  custom:framework-win-MediaFoundation: 216162199b28c13a410421893ffa2e32 -> 
  custom:video-decoder-ogg-theora: a1e56fd34408186e4bbccfd4996cb3dc -> 
  custom:container-muxer-webm: aa71ff27fc2769a1b78a27578f13a17b -> 
  custom:container-demuxer-webm: 4f35f7cbe854078d1ac9338744f61a02 -> 
  custom:container-demuxer-ogg: 62fdf1f143b41e24485cea50d1cbac27 -> 
  custom:video-encoder-webm-vp8: eb34c28f22e8b96e1ab97ce403110664 -> 
  custom:video-codec-MediaFoundation-h265: 746d11721c4dcdbdad8f713fa42b33f4 -> 
  custom:video-decoder-webm-vp8: 9c59270c3fd7afecdb556c50c9e8de78 -> 
  custom:audio-decoder-ogg-vorbis: bf7c407c2cedff20999df2af8eb42d56 -> 
  custom:audio-encoder-webm-vorbis: bf7c407c2cedff20999df2af8eb42d56 -> 
========================================================================
Received Import Request.
  path: Assets/Artwork/Map
  artifactKey: Guid(7eb0c2ea45b7b5e48a0b0cba6646b1cf) Importer(815301076,1909f56bfc062723c751e8b465ee728b)
Start importing Assets/Artwork/Map using Guid(7eb0c2ea45b7b5e48a0b0cba6646b1cf) Importer(815301076,1909f56bfc062723c751e8b465ee728b)  -> (artifact id: 'fba480f45ef4208293d611096b45be61') in 0.091419 seconds 
  Import took 0.150728 seconds .

========================================================================
Received Import Request.
  Time since last request: 8.117474 seconds.
  path: Assets/Artwork/Map/AreaOne
  artifactKey: Guid(88178625aa7d9ba43bf5e432ab01b9da) Importer(815301076,1909f56bfc062723c751e8b465ee728b)
Start importing Assets/Artwork/Map/AreaOne using Guid(88178625aa7d9ba43bf5e432ab01b9da) Importer(815301076,1909f56bfc062723c751e8b465ee728b)  -> (artifact id: 'ac12666d8131413087986e16e6e157c1') in 0.016393 seconds 
  Import took 0.132825 seconds .

========================================================================
Received Import Request.
  Time since last request: 45.338026 seconds.
  path: Assets/Artwork/MainCharacter
  artifactKey: Guid(9cd9a589cf012d644b293298849e7c64) Importer(815301076,1909f56bfc062723c751e8b465ee728b)
Start importing Assets/Artwork/MainCharacter using Guid(9cd9a589cf012d644b293298849e7c64) Importer(815301076,1909f56bfc062723c751e8b465ee728b)  -> (artifact id: 'e8aa1d2e94a0aab762d8c1821d7ae496') in 0.016451 seconds 
  Import took 0.045455 seconds .

========================================================================
Received Import Request.
  Time since last request: 0.058009 seconds.
  path: Assets/Artwork/MainCharacter/IdleSpritesheet.png
  artifactKey: Guid(33b1e99faea79fd4293920cbc7ab8e75) Importer(815301076,1909f56bfc062723c751e8b465ee728b)
Start importing Assets/Artwork/MainCharacter/IdleSpritesheet.png using Guid(33b1e99faea79fd4293920cbc7ab8e75) Importer(815301076,1909f56bfc062723c751e8b465ee728b)  -> (artifact id: '9ec3b5db2376ad27ea8f7e746345de8e') in 0.336581 seconds 
  Import took 0.341979 seconds .

========================================================================
Received Import Request.
  Time since last request: 0.000316 seconds.
  path: Assets/Artwork/MainCharacter/RunnningSpritesheet.png
  artifactKey: Guid(38273f0087e737d499e547eae4c5c406) Importer(815301076,1909f56bfc062723c751e8b465ee728b)
Start importing Assets/Artwork/MainCharacter/RunnningSpritesheet.png using Guid(38273f0087e737d499e547eae4c5c406) Importer(815301076,1909f56bfc062723c751e8b465ee728b)  -> (artifact id: '789b896643a950ba12f6e7b65ac419d7') in 0.039507 seconds 
  Import took 0.064193 seconds .

========================================================================
Received Import Request.
  Time since last request: 0.000287 seconds.
  path: Assets/Artwork/MainCharacter/WallJumpSpritesheet.png
  artifactKey: Guid(7c5fadb26dda74c4a912b6e127045708) Importer(815301076,1909f56bfc062723c751e8b465ee728b)
Start importing Assets/Artwork/MainCharacter/WallJumpSpritesheet.png using Guid(7c5fadb26dda74c4a912b6e127045708) Importer(815301076,1909f56bfc062723c751e8b465ee728b)  -> (artifact id: '4e938d46a4afbe3fa2f97ced05c54850') in 0.027019 seconds 
  Import took 0.031286 seconds .

========================================================================
Received Import Request.
  Time since last request: 0.000263 seconds.
  path: Assets/Artwork/MainCharacter/JumpSpritesheet.png
  artifactKey: Guid(452efe853b801a348acee10c9628a68a) Importer(815301076,1909f56bfc062723c751e8b465ee728b)
Start importing Assets/Artwork/MainCharacter/JumpSpritesheet.png using Guid(452efe853b801a348acee10c9628a68a) Importer(815301076,1909f56bfc062723c751e8b465ee728b)  -> (artifact id: '99bbe87308900ba45b47c09c1d214ff5') in 0.028756 seconds 
  Import took 0.032901 seconds .

========================================================================
Received Import Request.
  Time since last request: 8.034759 seconds.
  path: Assets/Artwork/UI/mainBackground.png
  artifactKey: Guid(2842543627a0a63499bfc6807d3b0f33) Importer(815301076,1909f56bfc062723c751e8b465ee728b)
Start importing Assets/Artwork/UI/mainBackground.png using Guid(2842543627a0a63499bfc6807d3b0f33) Importer(815301076,1909f56bfc062723c751e8b465ee728b)  -> (artifact id: '08956aa20afc6e95a059770465fdfd07') in 0.028207 seconds 
  Import took 0.032888 seconds .

========================================================================
Received Import Request.
  Time since last request: 0.000329 seconds.
  path: Assets/Artwork/UI/UI Assets.png
  artifactKey: Guid(50baff515eeda954d89c53207271deea) Importer(815301076,1909f56bfc062723c751e8b465ee728b)
Start importing Assets/Artwork/UI/UI Assets.png using Guid(50baff515eeda954d89c53207271deea) Importer(815301076,1909f56bfc062723c751e8b465ee728b)  -> (artifact id: 'f1aafb1a2c3b4d31f6674d7e366628d4') in 0.033677 seconds 
  Import took 0.037469 seconds .

========================================================================
Received Import Request.
  Time since last request: 4.988664 seconds.
  path: Assets/Scenes/SampleScene.unity
  artifactKey: Guid(2cda990e2423bbf4892e6590ba056729) Importer(815301076,1909f56bfc062723c751e8b465ee728b)
Start importing Assets/Scenes/SampleScene.unity using Guid(2cda990e2423bbf4892e6590ba056729) Importer(815301076,1909f56bfc062723c751e8b465ee728b)  -> (artifact id: 'aa27944bdea339c97c39027c7eea529c') in 0.017803 seconds 
  Import took 0.034098 seconds .

========================================================================
Received Import Request.
  Time since last request: 11.048652 seconds.
  path: Assets/Scenes/StartScreen.unity
  artifactKey: Guid(2cda990e2423bbf4892e6590ba056729) Importer(815301076,1909f56bfc062723c751e8b465ee728b)
Start importing Assets/Scenes/StartScreen.unity using Guid(2cda990e2423bbf4892e6590ba056729) Importer(815301076,1909f56bfc062723c751e8b465ee728b)  -> (artifact id: '8c9de98293602ee6cd267ba924dfda54') in 0.021005 seconds 
  Import took 0.026679 seconds .

AssetImportWorkerClient::OnTransportError - code=2 error=End of file
